# JRE version: OpenJDK Runtime Environment (21.0.6) (build 21.0.6+-13391695-b895.109)
# Java VM: OpenJDK 64-Bit Server VM (21.0.6+-13391695-b895.109, mixed mode, tiered, compressed oops, compressed class ptrs, g1 gc, windows-amd64)
GC Precious Log:
 CardTable entry size: 512
 Card Set container configuration: InlinePtr #cards 4 size 8 Array Of Cards #cards 32 size 80 Howl #buckets 8 coarsen threshold 7372 Howl Bitmap #cards 1024 size 144 coarsen threshold 921 Card regions per heap region 1 cards per card region 8192
 CPUs: 12 total, 12 available
 Memory: 16282M
 Large Page Support: Disabled
 NUMA Support: Disabled
 Compressed Oops: Enabled (Zero based)
 Heap Region Size: 4M
 Heap Min Capacity: 8M
 Heap Initial Capacity: 256M
 Heap Max Capacity: 8G
 Pre-touch: Disabled
 Parallel Workers: 10
 Concurrent Workers: 3
 Concurrent Refinement Workers: 10
 Periodic GC: Disabled
Heap:
 garbage-first heap   total 1413120K, used 446811K [0x0000000600000000, 0x0000000800000000)
  region size 4096K, 3 young (12288K), 3 survivors (12288K)
 Metaspace       used 223840K, committed 226624K, reserved 1114112K
  class space    used 28489K, committed 29888K, reserved 851968K
GC Heap History (20 events):
Event: 212.083 GC heap after
{Heap after GC invocations=88 (full 0):
 garbage-first heap   total 675840K, used 413174K [0x0000000600000000, 0x0000000800000000)
  region size 4096K, 4 young (16384K), 4 survivors (16384K)
 Metaspace       used 215616K, committed 218368K, reserved 1048576K
  class space    used 27690K, committed 29056K, reserved 851968K
}
Event: 215.508 GC heap before
{Heap before GC invocations=88 (full 0):
 garbage-first heap   total 675840K, used 609782K [0x0000000600000000, 0x0000000800000000)
  region size 4096K, 52 young (212992K), 4 survivors (16384K)
 Metaspace       used 220204K, committed 222912K, reserved 1048576K
  class space    used 28209K, committed 29568K, reserved 851968K
}
Event: 215.522 GC heap after
{Heap after GC invocations=89 (full 0):
 garbage-first heap   total 675840K, used 424552K [0x0000000600000000, 0x0000000800000000)
  region size 4096K, 7 young (28672K), 7 survivors (28672K)
 Metaspace       used 220204K, committed 222912K, reserved 1048576K
  class space    used 28209K, committed 29568K, reserved 851968K
}
Event: 218.209 GC heap before
{Heap before GC invocations=90 (full 0):
 garbage-first heap   total 716800K, used 600680K [0x0000000600000000, 0x0000000800000000)
  region size 4096K, 50 young (204800K), 7 survivors (28672K)
 Metaspace       used 220451K, committed 223168K, reserved 1048576K
  class space    used 28220K, committed 29568K, reserved 851968K
}
Event: 219.185 GC heap after
{Heap after GC invocations=91 (full 0):
 garbage-first heap   total 1413120K, used 426744K [0x0000000600000000, 0x0000000800000000)
  region size 4096K, 4 young (16384K), 4 survivors (16384K)
 Metaspace       used 220451K, committed 223168K, reserved 1048576K
  class space    used 28220K, committed 29568K, reserved 851968K
}
Event: 219.422 GC heap before
{Heap before GC invocations=91 (full 0):
 garbage-first heap   total 1413120K, used 479992K [0x0000000600000000, 0x0000000800000000)
  region size 4096K, 17 young (69632K), 4 survivors (16384K)
 Metaspace       used 220465K, committed 223168K, reserved 1048576K
  class space    used 28220K, committed 29568K, reserved 851968K
}
Event: 219.432 GC heap after
{Heap after GC invocations=92 (full 0):
 garbage-first heap   total 1413120K, used 425680K [0x0000000600000000, 0x0000000800000000)
  region size 4096K, 2 young (8192K), 2 survivors (8192K)
 Metaspace       used 220465K, committed 223168K, reserved 1048576K
  class space    used 28220K, committed 29568K, reserved 851968K
}
Event: 219.879 GC heap before
{Heap before GC invocations=92 (full 0):
 garbage-first heap   total 1413120K, used 487120K [0x0000000600000000, 0x0000000800000000)
  region size 4096K, 17 young (69632K), 2 survivors (8192K)
 Metaspace       used 220553K, committed 223296K, reserved 1048576K
  class space    used 28221K, committed 29568K, reserved 851968K
}
Event: 219.884 GC heap after
{Heap after GC invocations=93 (full 0):
 garbage-first heap   total 1413120K, used 425821K [0x0000000600000000, 0x0000000800000000)
  region size 4096K, 2 young (8192K), 2 survivors (8192K)
 Metaspace       used 220553K, committed 223296K, reserved 1048576K
  class space    used 28221K, committed 29568K, reserved 851968K
}
Event: 220.117 GC heap before
{Heap before GC invocations=93 (full 0):
 garbage-first heap   total 1413120K, used 487261K [0x0000000600000000, 0x0000000800000000)
  region size 4096K, 17 young (69632K), 2 survivors (8192K)
 Metaspace       used 220576K, committed 223296K, reserved 1048576K
  class space    used 28221K, committed 29568K, reserved 851968K
}
Event: 220.123 GC heap after
{Heap after GC invocations=94 (full 0):
 garbage-first heap   total 1413120K, used 425337K [0x0000000600000000, 0x0000000800000000)
  region size 4096K, 2 young (8192K), 2 survivors (8192K)
 Metaspace       used 220576K, committed 223296K, reserved 1048576K
  class space    used 28221K, committed 29568K, reserved 851968K
}
Event: 220.281 GC heap before
{Heap before GC invocations=94 (full 0):
 garbage-first heap   total 1413120K, used 486777K [0x0000000600000000, 0x0000000800000000)
  region size 4096K, 17 young (69632K), 2 survivors (8192K)
 Metaspace       used 220594K, committed 223296K, reserved 1048576K
  class space    used 28221K, committed 29568K, reserved 851968K
}
Event: 220.284 GC heap after
{Heap after GC invocations=95 (full 0):
 garbage-first heap   total 1413120K, used 425846K [0x0000000600000000, 0x0000000800000000)
  region size 4096K, 2 young (8192K), 2 survivors (8192K)
 Metaspace       used 220594K, committed 223296K, reserved 1048576K
  class space    used 28221K, committed 29568K, reserved 851968K
}
Event: 220.498 GC heap before
{Heap before GC invocations=95 (full 0):
 garbage-first heap   total 1413120K, used 532342K [0x0000000600000000, 0x0000000800000000)
  region size 4096K, 28 young (114688K), 2 survivors (8192K)
 Metaspace       used 220595K, committed 223296K, reserved 1048576K
  class space    used 28221K, committed 29568K, reserved 851968K
}
Event: 220.502 GC heap after
{Heap after GC invocations=96 (full 0):
 garbage-first heap   total 1413120K, used 426900K [0x0000000600000000, 0x0000000800000000)
  region size 4096K, 2 young (8192K), 2 survivors (8192K)
 Metaspace       used 220595K, committed 223296K, reserved 1048576K
  class space    used 28221K, committed 29568K, reserved 851968K
}
Event: 231.852 GC heap before
{Heap before GC invocations=96 (full 0):
 garbage-first heap   total 1413120K, used 1266580K [0x0000000600000000, 0x0000000800000000)
  region size 4096K, 207 young (847872K), 2 survivors (8192K)
 Metaspace       used 221246K, committed 224000K, reserved 1048576K
  class space    used 28254K, committed 29632K, reserved 851968K
}
Event: 232.239 GC heap after
{Heap after GC invocations=97 (full 0):
 garbage-first heap   total 1413120K, used 437587K [0x0000000600000000, 0x0000000800000000)
  region size 4096K, 5 young (20480K), 5 survivors (20480K)
 Metaspace       used 221246K, committed 224000K, reserved 1048576K
  class space    used 28254K, committed 29632K, reserved 851968K
}
Event: 232.681 GC heap before
{Heap before GC invocations=97 (full 0):
 garbage-first heap   total 1413120K, used 523603K [0x0000000600000000, 0x0000000800000000)
  region size 4096K, 26 young (106496K), 5 survivors (20480K)
 Metaspace       used 221246K, committed 224000K, reserved 1048576K
  class space    used 28254K, committed 29632K, reserved 851968K
}
Event: 232.708 GC heap after
{Heap after GC invocations=98 (full 0):
 garbage-first heap   total 1413120K, used 439399K [0x0000000600000000, 0x0000000800000000)
  region size 4096K, 1 young (4096K), 1 survivors (4096K)
 Metaspace       used 221246K, committed 224000K, reserved 1048576K
  class space    used 28254K, committed 29632K, reserved 851968K
}
Event: 242.251 GC heap before
{Heap before GC invocations=98 (full 0):
 garbage-first heap   total 1413120K, used 1279079K [0x0000000600000000, 0x0000000800000000)
  region size 4096K, 207 young (847872K), 1 survivors (4096K)
 Metaspace       used 223840K, committed 226624K, reserved 1114112K
  class space    used 28489K, committed 29888K, reserved 851968K
}

